<?xml version="1.0" encoding="UTF-8"?>
<!-- Generated by org.testng.reporters.JUnitXMLReporter -->
<testsuite ignored="0" hostname="LAPTOP-G84QL9LV" failures="0" tests="3" name="Surefire test" time="2.644" errors="0" timestamp="24 Mar 2022 20:01:46 GMT">
  <testcase classname="tests.TDLogInTest" name="@BeforeMethod openTDPage" time="2.623">
    <failure type="org.openqa.selenium.WebDriverException" message="Process unexpectedly closed with status 0
Build info: version: &amp;apos;3.141.59&amp;apos;, revision: &amp;apos;e82be7d358&amp;apos;, time: &amp;apos;2018-11-14T08:17:03&amp;apos;
System info: host: &amp;apos;LAPTOP-G84QL9LV&amp;apos;, ip: &amp;apos;192.168.0.15&amp;apos;, os.name: &amp;apos;Windows 10&amp;apos;, os.arch: &amp;apos;amd64&amp;apos;, os.version: &amp;apos;10.0&amp;apos;, java.version: &amp;apos;17.0.1&amp;apos;
Driver info: driver.version: FirefoxDriver
remote stacktrace: ">
      <![CDATA[org.openqa.selenium.WebDriverException: Process unexpectedly closed with status 0
Build info: version: '3.141.59', revision: 'e82be7d358', time: '2018-11-14T08:17:03'
System info: host: 'LAPTOP-G84QL9LV', ip: '192.168.0.15', os.name: 'Windows 10', os.arch: 'amd64', os.version: '10.0', java.version: '17.0.1'
Driver info: driver.version: FirefoxDriver
remote stacktrace: 
at org.openqa.selenium.remote.W3CHandshakeResponse.lambda$errorHandler$0(W3CHandshakeResponse.java:62)
at org.openqa.selenium.remote.HandshakeResponse.lambda$getResponseFunction$0(HandshakeResponse.java:30)
at org.openqa.selenium.remote.ProtocolHandshake.lambda$createSession$0(ProtocolHandshake.java:126)
at java.base/java.util.stream.ReferencePipeline$3$1.accept(ReferencePipeline.java:197)
at java.base/java.util.Spliterators$ArraySpliterator.tryAdvance(Spliterators.java:1002)
at java.base/java.util.stream.ReferencePipeline.forEachWithCancel(ReferencePipeline.java:129)
at java.base/java.util.stream.AbstractPipeline.copyIntoWithCancel(AbstractPipeline.java:527)
at java.base/java.util.stream.AbstractPipeline.copyInto(AbstractPipeline.java:513)
at java.base/java.util.stream.AbstractPipeline.wrapAndCopyInto(AbstractPipeline.java:499)
at java.base/java.util.stream.FindOps$FindOp.evaluateSequential(FindOps.java:150)
at java.base/java.util.stream.AbstractPipeline.evaluate(AbstractPipeline.java:234)
at java.base/java.util.stream.ReferencePipeline.findFirst(ReferencePipeline.java:647)
at org.openqa.selenium.remote.ProtocolHandshake.createSession(ProtocolHandshake.java:128)
at org.openqa.selenium.remote.ProtocolHandshake.createSession(ProtocolHandshake.java:74)
at org.openqa.selenium.remote.HttpCommandExecutor.execute(HttpCommandExecutor.java:136)
at org.openqa.selenium.remote.service.DriverCommandExecutor.execute(DriverCommandExecutor.java:83)
at org.openqa.selenium.remote.RemoteWebDriver.execute(RemoteWebDriver.java:552)
at org.openqa.selenium.remote.RemoteWebDriver.startSession(RemoteWebDriver.java:213)
at org.openqa.selenium.remote.RemoteWebDriver.<init>(RemoteWebDriver.java:131)
at org.openqa.selenium.firefox.FirefoxDriver.<init>(FirefoxDriver.java:147)
at org.openqa.selenium.firefox.FirefoxDriver.<init>(FirefoxDriver.java:125)
at pages.TDLogInPage.openBrowser(TDLogInPage.java:49)
at tests.TDLogInTest.openTDPage(TDLogInTest.java:20)
... Removed 38 stack frames]]>
    </failure>
  </testcase> <!-- @BeforeMethod openTDPage -->
  <testcase classname="tests.TDLogInTest" name="@AfterMethod closePage" time="0.0">
    <skipped/>
  </testcase> <!-- @AfterMethod closePage -->
  <testcase classname="tests.TDLogInTest" name="@BeforeMethod openTDPage" time="0.0">
    <skipped/>
  </testcase> <!-- @BeforeMethod openTDPage -->
  <testcase classname="tests.TDLogInTest" name="@AfterMethod closePage" time="0.0">
    <skipped/>
  </testcase> <!-- @AfterMethod closePage -->
  <testcase classname="tests.TDLogInTest" name="@BeforeMethod openTDPage" time="0.0">
    <skipped/>
  </testcase> <!-- @BeforeMethod openTDPage -->
  <testcase classname="tests.TDLogInTest" name="@AfterMethod closePage" time="0.0">
    <skipped/>
  </testcase> <!-- @AfterMethod closePage -->
  <testcase classname="tests.TDLogInTest" name="logIn" time="0.0">
    <skipped/>
  </testcase> <!-- logIn -->
  <testcase classname="tests.TDLogInTest" name="emptyUserTest" time="0.0">
    <skipped/>
  </testcase> <!-- emptyUserTest -->
  <testcase classname="tests.TDLogInTest" name="emptyPassTest" time="0.0">
    <skipped/>
  </testcase> <!-- emptyPassTest -->
</testsuite> <!-- Surefire test -->
